<?xml version="1.0" encoding="UTF-8"?>
<!-- Generated by org.testng.reporters.JUnitXMLReporter -->
<testsuite ignored="7" hostname="Suresh_D" failures="1" tests="7" name="Edge Tests" time="31.683" errors="0" timestamp="2025-07-01T02:04:14 BST">
  <testcase classname="contactmanagementsystem.com.sudha.tests.SignUpTest" name="validSignUp" time="2.058"/>
  <testcase classname="contactmanagementsystem.com.sudha.tests.LoginTest" name="emptyLoginTest" time="1.567"/>
  <testcase classname="contactmanagementsystem.com.sudha.tests.LoginTest" name="invalidEmailLoginTest" time="1.547"/>
  <testcase classname="contactmanagementsystem.com.sudha.tests.LoginTest" name="invalidLoginTest" time="2.853">
    <failure type="org.openqa.selenium.NoSuchSessionException" message="Tried to run command without establishing a connection
Build info: version: &amp;apos;4.21.0&amp;apos;, revision: &amp;apos;79ed462ef4&amp;apos;
System info: os.name: &amp;apos;Windows 11&amp;apos;, os.arch: &amp;apos;amd64&amp;apos;, os.version: &amp;apos;10.0&amp;apos;, java.version: &amp;apos;21.0.5&amp;apos;
Driver info: org.openqa.selenium.firefox.FirefoxDriver
Command: [94b0fecd-f7a1-4909-9ed6-321e1158febe, getAlertText {}]
Capabilities {acceptInsecureCerts: true, browserName: firefox, browserVersion: 140.0.2, moz:accessibilityChecks: false, moz:buildID: 20250627085530, moz:geckodriverVersion: 0.36.0, moz:headless: false, moz:platformVersion: 10.0, moz:processID: 21668, moz:profile: C:\Users\sures\AppData\Loca..., moz:shutdownTimeout: 60000, moz:webdriverClick: true, moz:windowless: false, pageLoadStrategy: normal, platformName: windows, proxy: Proxy(), setWindowRect: true, strictFileInteractability: false, timeouts: {implicit: 0, pageLoad: 300000, script: 30000}, unhandledPromptBehavior: dismiss and notify, userAgent: Mozilla/5.0 (Windows NT 10....}
Session ID: 94b0fecd-f7a1-4909-9ed6-321e1158febe">
      <![CDATA[org.openqa.selenium.NoSuchSessionException: Tried to run command without establishing a connection
Build info: version: '4.21.0', revision: '79ed462ef4'
System info: os.name: 'Windows 11', os.arch: 'amd64', os.version: '10.0', java.version: '21.0.5'
Driver info: org.openqa.selenium.firefox.FirefoxDriver
Command: [94b0fecd-f7a1-4909-9ed6-321e1158febe, getAlertText {}]
Capabilities {acceptInsecureCerts: true, browserName: firefox, browserVersion: 140.0.2, moz:accessibilityChecks: false, moz:buildID: 20250627085530, moz:geckodriverVersion: 0.36.0, moz:headless: false, moz:platformVersion: 10.0, moz:processID: 21668, moz:profile: C:\Users\sures\AppData\Loca..., moz:shutdownTimeout: 60000, moz:webdriverClick: true, moz:windowless: false, pageLoadStrategy: normal, platformName: windows, proxy: Proxy(), setWindowRect: true, strictFileInteractability: false, timeouts: {implicit: 0, pageLoad: 300000, script: 30000}, unhandledPromptBehavior: dismiss and notify, userAgent: Mozilla/5.0 (Windows NT 10....}
Session ID: 94b0fecd-f7a1-4909-9ed6-321e1158febe
at org.openqa.selenium.remote.ErrorCodec.decode(ErrorCodec.java:167)
at org.openqa.selenium.remote.codec.w3c.W3CHttpResponseCodec.decode(W3CHttpResponseCodec.java:138)
at org.openqa.selenium.remote.codec.w3c.W3CHttpResponseCodec.decode(W3CHttpResponseCodec.java:50)
at org.openqa.selenium.remote.HttpCommandExecutor.execute(HttpCommandExecutor.java:190)
at org.openqa.selenium.remote.service.DriverCommandExecutor.invokeExecute(DriverCommandExecutor.java:216)
at org.openqa.selenium.remote.service.DriverCommandExecutor.execute(DriverCommandExecutor.java:174)
at org.openqa.selenium.remote.RemoteWebDriver.execute(RemoteWebDriver.java:518)
at org.openqa.selenium.remote.RemoteWebDriver.execute(RemoteWebDriver.java:591)
at org.openqa.selenium.remote.RemoteWebDriver.execute(RemoteWebDriver.java:595)
at org.openqa.selenium.remote.RemoteWebDriver$RemoteTargetLocator.alert(RemoteWebDriver.java:1163)
at contactmanagementsystem.com.sudha.util.ScreenshotUtil.isAlertPresent(ScreenshotUtil.java:46)
at contactmanagementsystem.com.sudha.util.ScreenshotUtil.takeScreenshot(ScreenshotUtil.java:25)
at contactmanagementsystem.com.sudha.util.ExtentListener.onTestSuccess(ExtentListener.java:43)
at java.base/java.util.ArrayList.forEach(ArrayList.java:1596)
at java.base/java.util.concurrent.FutureTask.run(FutureTask.java:317)
at java.base/java.util.concurrent.ThreadPoolExecutor.runWorker(ThreadPoolExecutor.java:1144)
at java.base/java.util.concurrent.ThreadPoolExecutor$Worker.run(ThreadPoolExecutor.java:642)
at java.base/java.lang.Thread.run(Thread.java:1583)
... Removed 17 stack frames]]>
    </failure>
  </testcase> <!-- invalidLoginTest -->
  <testcase classname="contactmanagementsystem.com.sudha.tests.LoginTest" name="openSignupPage" time="1.066"/>
  <testcase classname="contactmanagementsystem.com.sudha.tests.LoginTest" name="validLoginTest" time="1.505"/>
  <testcase classname="contactmanagementsystem.com.sudha.tests.AddContactTests" name="duplicateContactDetails" time="7.778"/>
  <testcase classname="contactmanagementsystem.com.sudha.base.BaseTest" name="@BeforeSuite cleanReports" time="0.0">
    <ignored/>
  </testcase> <!-- @BeforeSuite cleanReports -->
  <testcase classname="contactmanagementsystem.com.sudha.base.BaseTest" name="@BeforeSuite cleanReports" time="0.0">
    <ignored/>
  </testcase> <!-- @BeforeSuite cleanReports -->
  <testcase classname="contactmanagementsystem.com.sudha.base.BaseTest" name="@BeforeSuite cleanReports" time="0.0">
    <ignored/>
  </testcase> <!-- @BeforeSuite cleanReports -->
  <testcase classname="contactmanagementsystem.com.sudha.base.BaseTest" name="@BeforeSuite cleanReports" time="0.0">
    <ignored/>
  </testcase> <!-- @BeforeSuite cleanReports -->
  <testcase classname="contactmanagementsystem.com.sudha.base.BaseTest" name="@BeforeSuite cleanReports" time="0.0">
    <ignored/>
  </testcase> <!-- @BeforeSuite cleanReports -->
  <testcase classname="contactmanagementsystem.com.sudha.base.BaseTest" name="@BeforeSuite cleanReports" time="0.0">
    <ignored/>
  </testcase> <!-- @BeforeSuite cleanReports -->
  <testcase classname="contactmanagementsystem.com.sudha.base.BaseTest" name="@BeforeSuite cleanReports" time="0.0">
    <ignored/>
  </testcase> <!-- @BeforeSuite cleanReports -->
</testsuite> <!-- Edge Tests -->
