<html>
<head>
<title>TestNG:  Firefox Tests</title>
<link href="../testng.css" rel="stylesheet" type="text/css" />
<link href="../my-testng.css" rel="stylesheet" type="text/css" />

<style type="text/css">
.log { display: none;} 
.stack-trace { display: none;} 
</style>
<script type="text/javascript">
<!--
function flip(e) {
  current = e.style.display;
  if (current == 'block') {
    e.style.display = 'none';
    return 0;
  }
  else {
    e.style.display = 'block';
    return 1;
  }
}

function toggleBox(szDivId, elem, msg1, msg2)
{
  var res = -1;  if (document.getElementById) {
    res = flip(document.getElementById(szDivId));
  }
  else if (document.all) {
    // this is the way old msie versions work
    res = flip(document.all[szDivId]);
  }
  if(elem) {
    if(res == 0) elem.innerHTML = msg1; else elem.innerHTML = msg2;
  }

}

function toggleAllBoxes() {
  if (document.getElementsByTagName) {
    d = document.getElementsByTagName('div');
    for (i = 0; i < d.length; i++) {
      if (d[i].className == 'log') {
        flip(d[i]);
      }
    }
  }
}

// -->
</script>

</head>
<body>
<h2 align='center'>Firefox Tests</h2><table border='1' align="center">
<tr>
<td>Tests passed/Failed/Skipped:</td><td>19/5/3</td>
</tr><tr>
<td>Started on:</td><td>Tue Jul 01 02:03:42 BST 2025</td>
</tr>
<tr><td>Total time:</td><td>143 seconds (143891 ms)</td>
</tr><tr>
<td>Included groups:</td><td></td>
</tr><tr>
<td>Excluded groups:</td><td></td>
</tr>
</table><p/>
<small><i>(Hover the method name to see the test class name)</i></small><p/>
<table width='100%' border='1' class='invocation-failed'>
<tr><td colspan='4' align='center'><b>FAILED TESTS</b></td></tr>
<tr><td><b>Test method</b></td>
<td><b>Attribute(s)</b></td>
<td width="30%"><b>Exception</b></td>
<td width="10%"><b>Time (seconds)</b></td>
<td><b>Instance</b></td>
</tr>
<tr>
<td title='contactmanagementsystem.com.sudha.tests.EditContactTests.validEditContactTest()'><b>validEditContactTest</b><br>Test class: contactmanagementsystem.com.sudha.tests.EditContactTests<br>Test method: Verify user can edit an existing contact</td>
<td><div><pre>java.lang.AssertionError: First Name mismatch expected [Suresh] but found [SudhaSuresh]
	at contactmanagementsystem.com.sudha.pages.ContactPage.verifyContactDetails(ContactPage.java:113)
	at contactmanagementsystem.com.sudha.tests.EditContactTests.validEditContactTest(EditContactTests.java:56)
	at java.base/java.util.ArrayList.forEach(ArrayList.java:1596)
	at java.base/java.util.concurrent.FutureTask.run(FutureTask.java:317)
	at java.base/java.util.concurrent.ThreadPoolExecutor.runWorker(ThreadPoolExecutor.java:1144)
	at java.base/java.util.concurrent.ThreadPoolExecutor$Worker.run(ThreadPoolExecutor.java:642)
	at java.base/java.lang.Thread.run(Thread.java:1583)
... Removed 20 stack frames</pre></div><a href='#' onClick='toggleBox("stack-trace18371480", this, "Click to show all stack frames", "Click to hide stack frames")'>Click to show all stack frames</a>
<div class='stack-trace' id='stack-trace18371480'><pre>java.lang.AssertionError: First Name mismatch expected [Suresh] but found [SudhaSuresh]
	at org.testng.Assert.fail(Assert.java:111)
	at org.testng.Assert.failNotEquals(Assert.java:1578)
	at org.testng.Assert.assertEqualsImpl(Assert.java:150)
	at org.testng.Assert.assertEquals(Assert.java:132)
	at org.testng.Assert.assertEquals(Assert.java:656)
	at contactmanagementsystem.com.sudha.pages.ContactPage.verifyContactDetails(ContactPage.java:113)
	at contactmanagementsystem.com.sudha.tests.EditContactTests.validEditContactTest(EditContactTests.java:56)
	at java.base/jdk.internal.reflect.DirectMethodHandleAccessor.invoke(DirectMethodHandleAccessor.java:103)
	at java.base/java.lang.reflect.Method.invoke(Method.java:580)
	at org.testng.internal.invokers.MethodInvocationHelper.invokeMethod(MethodInvocationHelper.java:139)
	at org.testng.internal.invokers.TestInvoker.invokeMethod(TestInvoker.java:664)
	at org.testng.internal.invokers.TestInvoker.invokeTestMethod(TestInvoker.java:228)
	at org.testng.internal.invokers.MethodRunner.runInSequence(MethodRunner.java:63)
	at org.testng.internal.invokers.TestInvoker$MethodInvocationAgent.invoke(TestInvoker.java:961)
	at org.testng.internal.invokers.TestInvoker.invokeTestMethods(TestInvoker.java:201)
	at org.testng.internal.invokers.TestMethodWorker.invokeTestMethods(TestMethodWorker.java:148)
	at org.testng.internal.invokers.TestMethodWorker.run(TestMethodWorker.java:128)
	at java.base/java.util.ArrayList.forEach(ArrayList.java:1596)
	at org.testng.TestRunner.privateRun(TestRunner.java:819)
	at org.testng.TestRunner.run(TestRunner.java:619)
	at org.testng.SuiteRunner.runTest(SuiteRunner.java:443)
	at org.testng.SuiteRunner$SuiteWorker.run(SuiteRunner.java:481)
	at org.testng.internal.thread.ThreadUtil.lambda$execute$0(ThreadUtil.java:58)
	at java.base/java.util.concurrent.FutureTask.run(FutureTask.java:317)
	at java.base/java.util.concurrent.ThreadPoolExecutor.runWorker(ThreadPoolExecutor.java:1144)
	at java.base/java.util.concurrent.ThreadPoolExecutor$Worker.run(ThreadPoolExecutor.java:642)
	at java.base/java.lang.Thread.run(Thread.java:1583)
</pre></div></td>
<td>3</td>
<td>contactmanagementsystem.com.sudha.tests.EditContactTests@895e367</td></tr>
<tr>
<td title='contactmanagementsystem.com.sudha.tests.LoginTest.verifyPasswordFieldMasksInput()'><b>verifyPasswordFieldMasksInput</b><br>Test class: contactmanagementsystem.com.sudha.tests.LoginTest<br>Test method: Verify password field masks input</td>
<td><div><pre>java.lang.ClassCastException: class org.openqa.selenium.By$ById cannot be cast to class org.openqa.selenium.WebElement (org.openqa.selenium.By$ById and org.openqa.selenium.WebElement are in unnamed module of loader &apos;app&apos;)
	at contactmanagementsystem.com.sudha.tests.LoginTest.verifyPasswordFieldMasksInput(LoginTest.java:91)
	at java.base/java.util.ArrayList.forEach(ArrayList.java:1596)
	at java.base/java.util.concurrent.FutureTask.run(FutureTask.java:317)
	at java.base/java.util.concurrent.ThreadPoolExecutor.runWorker(ThreadPoolExecutor.java:1144)
	at java.base/java.util.concurrent.ThreadPoolExecutor$Worker.run(ThreadPoolExecutor.java:642)
	at java.base/java.lang.Thread.run(Thread.java:1583)
... Removed 15 stack frames</pre></div><a href='#' onClick='toggleBox("stack-trace1773207637", this, "Click to show all stack frames", "Click to hide stack frames")'>Click to show all stack frames</a>
<div class='stack-trace' id='stack-trace1773207637'><pre>java.lang.ClassCastException: class org.openqa.selenium.By$ById cannot be cast to class org.openqa.selenium.WebElement (org.openqa.selenium.By$ById and org.openqa.selenium.WebElement are in unnamed module of loader &apos;app&apos;)
	at contactmanagementsystem.com.sudha.tests.LoginTest.verifyPasswordFieldMasksInput(LoginTest.java:91)
	at java.base/jdk.internal.reflect.DirectMethodHandleAccessor.invoke(DirectMethodHandleAccessor.java:103)
	at java.base/java.lang.reflect.Method.invoke(Method.java:580)
	at org.testng.internal.invokers.MethodInvocationHelper.invokeMethod(MethodInvocationHelper.java:139)
	at org.testng.internal.invokers.TestInvoker.invokeMethod(TestInvoker.java:664)
	at org.testng.internal.invokers.TestInvoker.invokeTestMethod(TestInvoker.java:228)
	at org.testng.internal.invokers.MethodRunner.runInSequence(MethodRunner.java:63)
	at org.testng.internal.invokers.TestInvoker$MethodInvocationAgent.invoke(TestInvoker.java:961)
	at org.testng.internal.invokers.TestInvoker.invokeTestMethods(TestInvoker.java:201)
	at org.testng.internal.invokers.TestMethodWorker.invokeTestMethods(TestMethodWorker.java:148)
	at org.testng.internal.invokers.TestMethodWorker.run(TestMethodWorker.java:128)
	at java.base/java.util.ArrayList.forEach(ArrayList.java:1596)
	at org.testng.TestRunner.privateRun(TestRunner.java:819)
	at org.testng.TestRunner.run(TestRunner.java:619)
	at org.testng.SuiteRunner.runTest(SuiteRunner.java:443)
	at org.testng.SuiteRunner$SuiteWorker.run(SuiteRunner.java:481)
	at org.testng.internal.thread.ThreadUtil.lambda$execute$0(ThreadUtil.java:58)
	at java.base/java.util.concurrent.FutureTask.run(FutureTask.java:317)
	at java.base/java.util.concurrent.ThreadPoolExecutor.runWorker(ThreadPoolExecutor.java:1144)
	at java.base/java.util.concurrent.ThreadPoolExecutor$Worker.run(ThreadPoolExecutor.java:642)
	at java.base/java.lang.Thread.run(Thread.java:1583)
</pre></div></td>
<td>4</td>
<td>contactmanagementsystem.com.sudha.tests.LoginTest@5f77d0f9</td></tr>
<tr>
<td title='contactmanagementsystem.com.sudha.tests.DeleteContactTest.deleteContactAndRefreshTest()'><b>deleteContactAndRefreshTest</b><br>Test class: contactmanagementsystem.com.sudha.tests.DeleteContactTest<br>Test method: Verify contact no longer appears after deletion</td>
<td><div><pre>java.lang.AssertionError: expected [true] but found [false]
	at contactmanagementsystem.com.sudha.pages.ContactPage.waitAndValidateTableData(ContactPage.java:91)
	at contactmanagementsystem.com.sudha.tests.DeleteContactTest.deleteContactAndRefreshTest(DeleteContactTest.java:55)
	at java.base/java.util.ArrayList.forEach(ArrayList.java:1596)
	at java.base/java.util.concurrent.FutureTask.run(FutureTask.java:317)
	at java.base/java.util.concurrent.ThreadPoolExecutor.runWorker(ThreadPoolExecutor.java:1144)
	at java.base/java.util.concurrent.ThreadPoolExecutor$Worker.run(ThreadPoolExecutor.java:642)
	at java.base/java.lang.Thread.run(Thread.java:1583)
... Removed 19 stack frames</pre></div><a href='#' onClick='toggleBox("stack-trace356722267", this, "Click to show all stack frames", "Click to hide stack frames")'>Click to show all stack frames</a>
<div class='stack-trace' id='stack-trace356722267'><pre>java.lang.AssertionError: expected [true] but found [false]
	at org.testng.Assert.fail(Assert.java:111)
	at org.testng.Assert.failNotEquals(Assert.java:1578)
	at org.testng.Assert.assertTrue(Assert.java:57)
	at org.testng.Assert.assertTrue(Assert.java:67)
	at contactmanagementsystem.com.sudha.pages.ContactPage.waitAndValidateTableData(ContactPage.java:91)
	at contactmanagementsystem.com.sudha.tests.DeleteContactTest.deleteContactAndRefreshTest(DeleteContactTest.java:55)
	at java.base/jdk.internal.reflect.DirectMethodHandleAccessor.invoke(DirectMethodHandleAccessor.java:103)
	at java.base/java.lang.reflect.Method.invoke(Method.java:580)
	at org.testng.internal.invokers.MethodInvocationHelper.invokeMethod(MethodInvocationHelper.java:139)
	at org.testng.internal.invokers.TestInvoker.invokeMethod(TestInvoker.java:664)
	at org.testng.internal.invokers.TestInvoker.invokeTestMethod(TestInvoker.java:228)
	at org.testng.internal.invokers.MethodRunner.runInSequence(MethodRunner.java:63)
	at org.testng.internal.invokers.TestInvoker$MethodInvocationAgent.invoke(TestInvoker.java:961)
	at org.testng.internal.invokers.TestInvoker.invokeTestMethods(TestInvoker.java:201)
	at org.testng.internal.invokers.TestMethodWorker.invokeTestMethods(TestMethodWorker.java:148)
	at org.testng.internal.invokers.TestMethodWorker.run(TestMethodWorker.java:128)
	at java.base/java.util.ArrayList.forEach(ArrayList.java:1596)
	at org.testng.TestRunner.privateRun(TestRunner.java:819)
	at org.testng.TestRunner.run(TestRunner.java:619)
	at org.testng.SuiteRunner.runTest(SuiteRunner.java:443)
	at org.testng.SuiteRunner$SuiteWorker.run(SuiteRunner.java:481)
	at org.testng.internal.thread.ThreadUtil.lambda$execute$0(ThreadUtil.java:58)
	at java.base/java.util.concurrent.FutureTask.run(FutureTask.java:317)
	at java.base/java.util.concurrent.ThreadPoolExecutor.runWorker(ThreadPoolExecutor.java:1144)
	at java.base/java.util.concurrent.ThreadPoolExecutor$Worker.run(ThreadPoolExecutor.java:642)
	at java.base/java.lang.Thread.run(Thread.java:1583)
</pre></div></td>
<td>1</td>
<td>contactmanagementsystem.com.sudha.tests.DeleteContactTest@1b266842</td></tr>
<tr>
<td title='contactmanagementsystem.com.sudha.tests.DeleteContactTest.validateAlertText()'><b>validateAlertText</b><br>Test class: contactmanagementsystem.com.sudha.tests.DeleteContactTest<br>Test method: Verify delete confirmation (if applicable)</td>
<td><div><pre>java.lang.AssertionError: expected [true] but found [false]
	at contactmanagementsystem.com.sudha.pages.ContactPage.waitAndValidateTableData(ContactPage.java:91)
	at contactmanagementsystem.com.sudha.tests.DeleteContactTest.validateAlertText(DeleteContactTest.java:33)
	at java.base/java.util.ArrayList.forEach(ArrayList.java:1596)
	at java.base/java.util.concurrent.FutureTask.run(FutureTask.java:317)
	at java.base/java.util.concurrent.ThreadPoolExecutor.runWorker(ThreadPoolExecutor.java:1144)
	at java.base/java.util.concurrent.ThreadPoolExecutor$Worker.run(ThreadPoolExecutor.java:642)
	at java.base/java.lang.Thread.run(Thread.java:1583)
... Removed 19 stack frames</pre></div><a href='#' onClick='toggleBox("stack-trace1067450086", this, "Click to show all stack frames", "Click to hide stack frames")'>Click to show all stack frames</a>
<div class='stack-trace' id='stack-trace1067450086'><pre>java.lang.AssertionError: expected [true] but found [false]
	at org.testng.Assert.fail(Assert.java:111)
	at org.testng.Assert.failNotEquals(Assert.java:1578)
	at org.testng.Assert.assertTrue(Assert.java:57)
	at org.testng.Assert.assertTrue(Assert.java:67)
	at contactmanagementsystem.com.sudha.pages.ContactPage.waitAndValidateTableData(ContactPage.java:91)
	at contactmanagementsystem.com.sudha.tests.DeleteContactTest.validateAlertText(DeleteContactTest.java:33)
	at java.base/jdk.internal.reflect.DirectMethodHandleAccessor.invoke(DirectMethodHandleAccessor.java:103)
	at java.base/java.lang.reflect.Method.invoke(Method.java:580)
	at org.testng.internal.invokers.MethodInvocationHelper.invokeMethod(MethodInvocationHelper.java:139)
	at org.testng.internal.invokers.TestInvoker.invokeMethod(TestInvoker.java:664)
	at org.testng.internal.invokers.TestInvoker.invokeTestMethod(TestInvoker.java:228)
	at org.testng.internal.invokers.MethodRunner.runInSequence(MethodRunner.java:63)
	at org.testng.internal.invokers.TestInvoker$MethodInvocationAgent.invoke(TestInvoker.java:961)
	at org.testng.internal.invokers.TestInvoker.invokeTestMethods(TestInvoker.java:201)
	at org.testng.internal.invokers.TestMethodWorker.invokeTestMethods(TestMethodWorker.java:148)
	at org.testng.internal.invokers.TestMethodWorker.run(TestMethodWorker.java:128)
	at java.base/java.util.ArrayList.forEach(ArrayList.java:1596)
	at org.testng.TestRunner.privateRun(TestRunner.java:819)
	at org.testng.TestRunner.run(TestRunner.java:619)
	at org.testng.SuiteRunner.runTest(SuiteRunner.java:443)
	at org.testng.SuiteRunner$SuiteWorker.run(SuiteRunner.java:481)
	at org.testng.internal.thread.ThreadUtil.lambda$execute$0(ThreadUtil.java:58)
	at java.base/java.util.concurrent.FutureTask.run(FutureTask.java:317)
	at java.base/java.util.concurrent.ThreadPoolExecutor.runWorker(ThreadPoolExecutor.java:1144)
	at java.base/java.util.concurrent.ThreadPoolExecutor$Worker.run(ThreadPoolExecutor.java:642)
	at java.base/java.lang.Thread.run(Thread.java:1583)
</pre></div></td>
<td>1</td>
<td>contactmanagementsystem.com.sudha.tests.DeleteContactTest@1b266842</td></tr>
<tr>
<td title='contactmanagementsystem.com.sudha.tests.ValidationTest.verifyUnicodeAndEmojiInAddress()'><b>verifyUnicodeAndEmojiInAddress</b><br>Test class: contactmanagementsystem.com.sudha.tests.ValidationTest<br>Test method: Verify Unicode and emojis in address field</td>
<td><div><pre>java.lang.AssertionError: Address not containing full Unicode value expected [true] but found [false]
	at contactmanagementsystem.com.sudha.tests.ValidationTest.verifyUnicodeAndEmojiInAddress(ValidationTest.java:61)
	at java.base/java.util.ArrayList.forEach(ArrayList.java:1596)
	at java.base/java.util.concurrent.FutureTask.run(FutureTask.java:317)
	at java.base/java.util.concurrent.ThreadPoolExecutor.runWorker(ThreadPoolExecutor.java:1144)
	at java.base/java.util.concurrent.ThreadPoolExecutor$Worker.run(ThreadPoolExecutor.java:642)
	at java.base/java.lang.Thread.run(Thread.java:1583)
... Removed 18 stack frames</pre></div><a href='#' onClick='toggleBox("stack-trace744159792", this, "Click to show all stack frames", "Click to hide stack frames")'>Click to show all stack frames</a>
<div class='stack-trace' id='stack-trace744159792'><pre>java.lang.AssertionError: Address not containing full Unicode value expected [true] but found [false]
	at org.testng.Assert.fail(Assert.java:111)
	at org.testng.Assert.failNotEquals(Assert.java:1578)
	at org.testng.Assert.assertTrue(Assert.java:57)
	at contactmanagementsystem.com.sudha.tests.ValidationTest.verifyUnicodeAndEmojiInAddress(ValidationTest.java:61)
	at java.base/jdk.internal.reflect.DirectMethodHandleAccessor.invoke(DirectMethodHandleAccessor.java:103)
	at java.base/java.lang.reflect.Method.invoke(Method.java:580)
	at org.testng.internal.invokers.MethodInvocationHelper.invokeMethod(MethodInvocationHelper.java:139)
	at org.testng.internal.invokers.TestInvoker.invokeMethod(TestInvoker.java:664)
	at org.testng.internal.invokers.TestInvoker.invokeTestMethod(TestInvoker.java:228)
	at org.testng.internal.invokers.MethodRunner.runInSequence(MethodRunner.java:63)
	at org.testng.internal.invokers.TestInvoker$MethodInvocationAgent.invoke(TestInvoker.java:961)
	at org.testng.internal.invokers.TestInvoker.invokeTestMethods(TestInvoker.java:201)
	at org.testng.internal.invokers.TestMethodWorker.invokeTestMethods(TestMethodWorker.java:148)
	at org.testng.internal.invokers.TestMethodWorker.run(TestMethodWorker.java:128)
	at java.base/java.util.ArrayList.forEach(ArrayList.java:1596)
	at org.testng.TestRunner.privateRun(TestRunner.java:819)
	at org.testng.TestRunner.run(TestRunner.java:619)
	at org.testng.SuiteRunner.runTest(SuiteRunner.java:443)
	at org.testng.SuiteRunner$SuiteWorker.run(SuiteRunner.java:481)
	at org.testng.internal.thread.ThreadUtil.lambda$execute$0(ThreadUtil.java:58)
	at java.base/java.util.concurrent.FutureTask.run(FutureTask.java:317)
	at java.base/java.util.concurrent.ThreadPoolExecutor.runWorker(ThreadPoolExecutor.java:1144)
	at java.base/java.util.concurrent.ThreadPoolExecutor$Worker.run(ThreadPoolExecutor.java:642)
	at java.base/java.lang.Thread.run(Thread.java:1583)
</pre></div></td>
<td>3</td>
<td>contactmanagementsystem.com.sudha.tests.ValidationTest@42b3b079</td></tr>
</table><p>
<table width='100%' border='1' class='invocation-passed'>
<tr><td colspan='4' align='center'><b>PASSED TESTS</b></td></tr>
<tr><td><b>Test method</b></td>
<td><b>Attribute(s)</b></td>
<td width="30%"><b>Exception</b></td>
<td width="10%"><b>Time (seconds)</b></td>
<td><b>Instance</b></td>
</tr>
<tr>
<td title='contactmanagementsystem.com.sudha.tests.LoginTest.invalidLoginTest()'><b>invalidLoginTest</b><br>Test class: contactmanagementsystem.com.sudha.tests.LoginTest<br>Test method: Verify login with incorrect passwor</td>
<td></td>
<td>1</td>
<td>contactmanagementsystem.com.sudha.tests.LoginTest@5f77d0f9</td></tr>
<tr>
<td title='contactmanagementsystem.com.sudha.tests.SignUpTest.invalidSignUpWrongEmailId()'><b>invalidSignUpWrongEmailId</b><br>Test class: contactmanagementsystem.com.sudha.tests.SignUpTest<br>Test method: Verify email format validation during sign-up</td>
<td></td>
<td>1</td>
<td>contactmanagementsystem.com.sudha.tests.SignUpTest@1130520d</td></tr>
<tr>
<td title='contactmanagementsystem.com.sudha.tests.AddContactTests.duplicateContactDetails()'><b>duplicateContactDetails</b><br>Test class: contactmanagementsystem.com.sudha.tests.AddContactTests<br>Test method: Verify adding duplicate contact details</td>
<td></td>
<td>5</td>
<td>contactmanagementsystem.com.sudha.tests.AddContactTests@463fd068</td></tr>
<tr>
<td title='contactmanagementsystem.com.sudha.tests.AddContactTests.invalidAddContactTest()'><b>invalidAddContactTest</b><br>Test class: contactmanagementsystem.com.sudha.tests.AddContactTests<br>Test method: Verify adding contact with missing required fields</td>
<td></td>
<td>1</td>
<td>contactmanagementsystem.com.sudha.tests.AddContactTests@463fd068</td></tr>
<tr>
<td title='contactmanagementsystem.com.sudha.tests.ValidationTest.verifyFirstNameMaxCharacterLimit()'><b>verifyFirstNameMaxCharacterLimit</b><br>Test class: contactmanagementsystem.com.sudha.tests.ValidationTest<br>Test method: Verify max character limit for contact fields</td>
<td></td>
<td>2</td>
<td>contactmanagementsystem.com.sudha.tests.ValidationTest@42b3b079</td></tr>
<tr>
<td title='contactmanagementsystem.com.sudha.tests.LoginTest.validLoginTest()'><b>validLoginTest</b><br>Test class: contactmanagementsystem.com.sudha.tests.LoginTest<br>Test method: Verify login with valid credentials</td>
<td></td>
<td>1</td>
<td>contactmanagementsystem.com.sudha.tests.LoginTest@5f77d0f9</td></tr>
<tr>
<td title='contactmanagementsystem.com.sudha.tests.AddContactTests.validateContactFormResetTest()'><b>validateContactFormResetTest</b><br>Test class: contactmanagementsystem.com.sudha.tests.AddContactTests<br>Test method: Verify form resets after contact is added</td>
<td></td>
<td>1</td>
<td>contactmanagementsystem.com.sudha.tests.AddContactTests@463fd068</td></tr>
<tr>
<td title='contactmanagementsystem.com.sudha.tests.LoginTest.validateHeaderText()'><b>validateHeaderText</b><br>Test class: contactmanagementsystem.com.sudha.tests.LoginTest<br>Test method: Validate Header Text</td>
<td></td>
<td>0</td>
<td>contactmanagementsystem.com.sudha.tests.LoginTest@5f77d0f9</td></tr>
<tr>
<td title='contactmanagementsystem.com.sudha.tests.SessionTest.verifyLogoutRedirectToLogin()'><b>verifyLogoutRedirectToLogin</b><br>Test class: contactmanagementsystem.com.sudha.tests.SessionTest<br>Test method: Verify logout redirects to login page</td>
<td></td>
<td>2</td>
<td>contactmanagementsystem.com.sudha.tests.SessionTest@7a3793c7</td></tr>
<tr>
<td title='contactmanagementsystem.com.sudha.tests.SignUpTest.validSignUp()'><b>validSignUp</b><br>Test class: contactmanagementsystem.com.sudha.tests.SignUpTest<br>Test method: Verify sign-up with valid inputs</td>
<td></td>
<td>2</td>
<td>contactmanagementsystem.com.sudha.tests.SignUpTest@1130520d</td></tr>
<tr>
<td title='contactmanagementsystem.com.sudha.tests.LoginTest.emptyLoginTest()'><b>emptyLoginTest</b><br>Test class: contactmanagementsystem.com.sudha.tests.LoginTest<br>Test method: Verify login with empty fields</td>
<td></td>
<td>1</td>
<td>contactmanagementsystem.com.sudha.tests.LoginTest@5f77d0f9</td></tr>
<tr>
<td title='contactmanagementsystem.com.sudha.tests.SignUpTest.blankSignUp()'><b>blankSignUp</b><br>Test class: contactmanagementsystem.com.sudha.tests.SignUpTest<br>Test method: Verify registration with blank fields</td>
<td></td>
<td>1</td>
<td>contactmanagementsystem.com.sudha.tests.SignUpTest@1130520d</td></tr>
<tr>
<td title='contactmanagementsystem.com.sudha.tests.AddContactTests.validAddContactTest()'><b>validAddContactTest</b><br>Test class: contactmanagementsystem.com.sudha.tests.AddContactTests<br>Test method: Verify adding contact with all valid details</td>
<td></td>
<td>3</td>
<td>contactmanagementsystem.com.sudha.tests.AddContactTests@463fd068</td></tr>
<tr>
<td title='contactmanagementsystem.com.sudha.tests.LoginTest.invalidEmailLoginTest()'><b>invalidEmailLoginTest</b><br>Test class: contactmanagementsystem.com.sudha.tests.LoginTest<br>Test method: Verify login with invalid email format</td>
<td></td>
<td>1</td>
<td>contactmanagementsystem.com.sudha.tests.LoginTest@5f77d0f9</td></tr>
<tr>
<td title='contactmanagementsystem.com.sudha.tests.SessionTest.verifyLoginStateOnRefresh()'><b>verifyLoginStateOnRefresh</b><br>Test class: contactmanagementsystem.com.sudha.tests.SessionTest<br>Test method: Verify Login State on Refresh</td>
<td></td>
<td>2</td>
<td>contactmanagementsystem.com.sudha.tests.SessionTest@7a3793c7</td></tr>
<tr>
<td title='contactmanagementsystem.com.sudha.tests.SignUpTest.inValidSignUp()'><b>inValidSignUp</b><br>Test class: contactmanagementsystem.com.sudha.tests.SignUpTest<br>Test method: Verify registration with already registered email</td>
<td></td>
<td>1</td>
<td>contactmanagementsystem.com.sudha.tests.SignUpTest@1130520d</td></tr>
<tr>
<td title='contactmanagementsystem.com.sudha.tests.AddContactTests.invalidPhoneNumberTest()'><b>invalidPhoneNumberTest</b><br>Test class: contactmanagementsystem.com.sudha.tests.AddContactTests<br>Test method: Verify phone field accepts only numeric input</td>
<td></td>
<td>2</td>
<td>contactmanagementsystem.com.sudha.tests.AddContactTests@463fd068</td></tr>
<tr>
<td title='contactmanagementsystem.com.sudha.tests.LoginTest.openSignupPage()'><b>openSignupPage</b><br>Test class: contactmanagementsystem.com.sudha.tests.LoginTest<br>Test method: Open SignUp Page</td>
<td></td>
<td>1</td>
<td>contactmanagementsystem.com.sudha.tests.LoginTest@5f77d0f9</td></tr>
<tr>
<td title='contactmanagementsystem.com.sudha.tests.SignUpTest.invalidSignUpPasswordDoNotMatch()'><b>invalidSignUpPasswordDoNotMatch</b><br>Test class: contactmanagementsystem.com.sudha.tests.SignUpTest<br>Test method: Verify password and confirm password mismatch</td>
<td></td>
<td>2</td>
<td>contactmanagementsystem.com.sudha.tests.SignUpTest@1130520d</td></tr>
</table><p>
<table width='100%' border='1' class='invocation-skipped'>
<tr><td colspan='4' align='center'><b>SKIPPED TESTS</b></td></tr>
<tr><td><b>Test method</b></td>
<td><b>Attribute(s)</b></td>
<td width="30%"><b>Exception</b></td>
<td width="10%"><b>Time (seconds)</b></td>
<td><b>Instance</b></td>
</tr>
<tr>
<td title='contactmanagementsystem.com.sudha.tests.EditContactTests.valididationCheckEditTest()'><b>valididationCheckEditTest</b><br>Test class: contactmanagementsystem.com.sudha.tests.EditContactTests<br>Test method: Validation Check Edit Contact</td>
<td><div><pre>java.lang.Throwable: Method contactmanagementsystem.com.sudha.tests.EditContactTests.valididationCheckEditTest() on instance contactmanagementsystem.com.sudha.tests.EditContactTests@895e367 depends on not successfully finished methods 
[contactmanagementsystem.com.sudha.tests.AddContactTests.validAddContactTest() on instance contactmanagementsystem.com.sudha.tests.AddContactTests@463fd068
contactmanagementsystem.com.sudha.tests.LoginTest.validLoginTest() on instance contactmanagementsystem.com.sudha.tests.LoginTest@5f77d0f9
contactmanagementsystem.com.sudha.tests.EditContactTests.validEditContactTest() on instance contactmanagementsystem.com.sudha.tests.EditContactTests@895e367]
	at java.base/java.util.ArrayList.forEach(ArrayList.java:1596)
	at java.base/java.util.concurrent.FutureTask.run(FutureTask.java:317)
	at java.base/java.util.concurrent.ThreadPoolExecutor.runWorker(ThreadPoolExecutor.java:1144)
	at java.base/java.util.concurrent.ThreadPoolExecutor$Worker.run(ThreadPoolExecutor.java:642)
	at java.base/java.lang.Thread.run(Thread.java:1583)
... Removed 8 stack frames</pre></div><a href='#' onClick='toggleBox("stack-trace1946458358", this, "Click to show all stack frames", "Click to hide stack frames")'>Click to show all stack frames</a>
<div class='stack-trace' id='stack-trace1946458358'><pre>java.lang.Throwable: Method contactmanagementsystem.com.sudha.tests.EditContactTests.valididationCheckEditTest() on instance contactmanagementsystem.com.sudha.tests.EditContactTests@895e367 depends on not successfully finished methods 
[contactmanagementsystem.com.sudha.tests.AddContactTests.validAddContactTest() on instance contactmanagementsystem.com.sudha.tests.AddContactTests@463fd068
contactmanagementsystem.com.sudha.tests.LoginTest.validLoginTest() on instance contactmanagementsystem.com.sudha.tests.LoginTest@5f77d0f9
contactmanagementsystem.com.sudha.tests.EditContactTests.validEditContactTest() on instance contactmanagementsystem.com.sudha.tests.EditContactTests@895e367]
	at org.testng.internal.invokers.TestInvoker.invokeTestMethods(TestInvoker.java:157)
	at org.testng.internal.invokers.TestMethodWorker.invokeTestMethods(TestMethodWorker.java:148)
	at org.testng.internal.invokers.TestMethodWorker.run(TestMethodWorker.java:128)
	at java.base/java.util.ArrayList.forEach(ArrayList.java:1596)
	at org.testng.TestRunner.privateRun(TestRunner.java:819)
	at org.testng.TestRunner.run(TestRunner.java:619)
	at org.testng.SuiteRunner.runTest(SuiteRunner.java:443)
	at org.testng.SuiteRunner$SuiteWorker.run(SuiteRunner.java:481)
	at org.testng.internal.thread.ThreadUtil.lambda$execute$0(ThreadUtil.java:58)
	at java.base/java.util.concurrent.FutureTask.run(FutureTask.java:317)
	at java.base/java.util.concurrent.ThreadPoolExecutor.runWorker(ThreadPoolExecutor.java:1144)
	at java.base/java.util.concurrent.ThreadPoolExecutor$Worker.run(ThreadPoolExecutor.java:642)
	at java.base/java.lang.Thread.run(Thread.java:1583)
</pre></div></td>
<td>0</td>
<td>contactmanagementsystem.com.sudha.tests.EditContactTests@895e367</td></tr>
<tr>
<td title='contactmanagementsystem.com.sudha.tests.APITest.testDeleteUserAPI()'><b>testDeleteUserAPI</b><br>Test class: contactmanagementsystem.com.sudha.tests.APITest<br>Test method: Delete User API Test</td>
<td><div><pre>java.lang.Throwable: Method APITest.testDeleteUserAPI()[pri:0, instance:contactmanagementsystem.com.sudha.tests.APITest@651aed93] depends on not successfully finished methods in group &quot;ui&quot;
	at java.base/java.util.ArrayList.forEach(ArrayList.java:1596)
	at java.base/java.util.concurrent.FutureTask.run(FutureTask.java:317)
	at java.base/java.util.concurrent.ThreadPoolExecutor.runWorker(ThreadPoolExecutor.java:1144)
	at java.base/java.util.concurrent.ThreadPoolExecutor$Worker.run(ThreadPoolExecutor.java:642)
	at java.base/java.lang.Thread.run(Thread.java:1583)
... Removed 8 stack frames</pre></div><a href='#' onClick='toggleBox("stack-trace800178484", this, "Click to show all stack frames", "Click to hide stack frames")'>Click to show all stack frames</a>
<div class='stack-trace' id='stack-trace800178484'><pre>java.lang.Throwable: Method APITest.testDeleteUserAPI()[pri:0, instance:contactmanagementsystem.com.sudha.tests.APITest@651aed93] depends on not successfully finished methods in group &quot;ui&quot;
	at org.testng.internal.invokers.TestInvoker.invokeTestMethods(TestInvoker.java:157)
	at org.testng.internal.invokers.TestMethodWorker.invokeTestMethods(TestMethodWorker.java:148)
	at org.testng.internal.invokers.TestMethodWorker.run(TestMethodWorker.java:128)
	at java.base/java.util.ArrayList.forEach(ArrayList.java:1596)
	at org.testng.TestRunner.privateRun(TestRunner.java:819)
	at org.testng.TestRunner.run(TestRunner.java:619)
	at org.testng.SuiteRunner.runTest(SuiteRunner.java:443)
	at org.testng.SuiteRunner$SuiteWorker.run(SuiteRunner.java:481)
	at org.testng.internal.thread.ThreadUtil.lambda$execute$0(ThreadUtil.java:58)
	at java.base/java.util.concurrent.FutureTask.run(FutureTask.java:317)
	at java.base/java.util.concurrent.ThreadPoolExecutor.runWorker(ThreadPoolExecutor.java:1144)
	at java.base/java.util.concurrent.ThreadPoolExecutor$Worker.run(ThreadPoolExecutor.java:642)
	at java.base/java.lang.Thread.run(Thread.java:1583)
</pre></div></td>
<td>0</td>
<td>contactmanagementsystem.com.sudha.tests.APITest@651aed93</td></tr>
<tr>
<td title='contactmanagementsystem.com.sudha.tests.EditContactTests.validCancelEditTest()'><b>validCancelEditTest</b><br>Test class: contactmanagementsystem.com.sudha.tests.EditContactTests<br>Test method: Verify canceling an edit (if implemented)</td>
<td><div><pre>java.lang.Throwable: Method contactmanagementsystem.com.sudha.tests.EditContactTests.validCancelEditTest() on instance contactmanagementsystem.com.sudha.tests.EditContactTests@895e367 depends on not successfully finished methods 
[contactmanagementsystem.com.sudha.tests.AddContactTests.validAddContactTest() on instance contactmanagementsystem.com.sudha.tests.AddContactTests@463fd068
contactmanagementsystem.com.sudha.tests.LoginTest.validLoginTest() on instance contactmanagementsystem.com.sudha.tests.LoginTest@5f77d0f9
contactmanagementsystem.com.sudha.tests.EditContactTests.validEditContactTest() on instance contactmanagementsystem.com.sudha.tests.EditContactTests@895e367]
	at java.base/java.util.ArrayList.forEach(ArrayList.java:1596)
	at java.base/java.util.concurrent.FutureTask.run(FutureTask.java:317)
	at java.base/java.util.concurrent.ThreadPoolExecutor.runWorker(ThreadPoolExecutor.java:1144)
	at java.base/java.util.concurrent.ThreadPoolExecutor$Worker.run(ThreadPoolExecutor.java:642)
	at java.base/java.lang.Thread.run(Thread.java:1583)
... Removed 8 stack frames</pre></div><a href='#' onClick='toggleBox("stack-trace739126681", this, "Click to show all stack frames", "Click to hide stack frames")'>Click to show all stack frames</a>
<div class='stack-trace' id='stack-trace739126681'><pre>java.lang.Throwable: Method contactmanagementsystem.com.sudha.tests.EditContactTests.validCancelEditTest() on instance contactmanagementsystem.com.sudha.tests.EditContactTests@895e367 depends on not successfully finished methods 
[contactmanagementsystem.com.sudha.tests.AddContactTests.validAddContactTest() on instance contactmanagementsystem.com.sudha.tests.AddContactTests@463fd068
contactmanagementsystem.com.sudha.tests.LoginTest.validLoginTest() on instance contactmanagementsystem.com.sudha.tests.LoginTest@5f77d0f9
contactmanagementsystem.com.sudha.tests.EditContactTests.validEditContactTest() on instance contactmanagementsystem.com.sudha.tests.EditContactTests@895e367]
	at org.testng.internal.invokers.TestInvoker.invokeTestMethods(TestInvoker.java:157)
	at org.testng.internal.invokers.TestMethodWorker.invokeTestMethods(TestMethodWorker.java:148)
	at org.testng.internal.invokers.TestMethodWorker.run(TestMethodWorker.java:128)
	at java.base/java.util.ArrayList.forEach(ArrayList.java:1596)
	at org.testng.TestRunner.privateRun(TestRunner.java:819)
	at org.testng.TestRunner.run(TestRunner.java:619)
	at org.testng.SuiteRunner.runTest(SuiteRunner.java:443)
	at org.testng.SuiteRunner$SuiteWorker.run(SuiteRunner.java:481)
	at org.testng.internal.thread.ThreadUtil.lambda$execute$0(ThreadUtil.java:58)
	at java.base/java.util.concurrent.FutureTask.run(FutureTask.java:317)
	at java.base/java.util.concurrent.ThreadPoolExecutor.runWorker(ThreadPoolExecutor.java:1144)
	at java.base/java.util.concurrent.ThreadPoolExecutor$Worker.run(ThreadPoolExecutor.java:642)
	at java.base/java.lang.Thread.run(Thread.java:1583)
</pre></div></td>
<td>0</td>
<td>contactmanagementsystem.com.sudha.tests.EditContactTests@895e367</td></tr>
</table><p>
</body>
</html>