<?xml version="1.0" encoding="UTF-8"?>
<!-- Generated by org.testng.reporters.JUnitXMLReporter -->
<testsuite ignored="7" hostname="Suresh_D" failures="5" tests="27" name="Firefox Tests" time="143.891" errors="0" timestamp="2025-07-01T02:06:06 BST">
  <testcase classname="contactmanagementsystem.com.sudha.tests.SignUpTest" name="validSignUp" time="2.003"/>
  <testcase classname="contactmanagementsystem.com.sudha.tests.LoginTest" name="emptyLoginTest" time="1.123"/>
  <testcase classname="contactmanagementsystem.com.sudha.tests.LoginTest" name="invalidEmailLoginTest" time="1.099"/>
  <testcase classname="contactmanagementsystem.com.sudha.tests.LoginTest" name="invalidLoginTest" time="1.1"/>
  <testcase classname="contactmanagementsystem.com.sudha.tests.LoginTest" name="openSignupPage" time="1.306"/>
  <testcase classname="contactmanagementsystem.com.sudha.tests.LoginTest" name="validLoginTest" time="1.325"/>
  <testcase classname="contactmanagementsystem.com.sudha.tests.AddContactTests" name="duplicateContactDetails" time="5.53"/>
  <testcase classname="contactmanagementsystem.com.sudha.tests.AddContactTests" name="invalidAddContactTest" time="1.94"/>
  <testcase classname="contactmanagementsystem.com.sudha.tests.AddContactTests" name="invalidPhoneNumberTest" time="2.067"/>
  <testcase classname="contactmanagementsystem.com.sudha.tests.AddContactTests" name="validAddContactTest" time="3.056"/>
  <testcase classname="contactmanagementsystem.com.sudha.tests.EditContactTests" name="validEditContactTest" time="3.315">
    <failure type="java.lang.AssertionError" message="First Name mismatch expected [Suresh] but found [SudhaSuresh]">
      <![CDATA[java.lang.AssertionError: First Name mismatch expected [Suresh] but found [SudhaSuresh]
at contactmanagementsystem.com.sudha.pages.ContactPage.verifyContactDetails(ContactPage.java:113)
at contactmanagementsystem.com.sudha.tests.EditContactTests.validEditContactTest(EditContactTests.java:56)
at java.base/java.util.ArrayList.forEach(ArrayList.java:1596)
at java.base/java.util.concurrent.FutureTask.run(FutureTask.java:317)
at java.base/java.util.concurrent.ThreadPoolExecutor.runWorker(ThreadPoolExecutor.java:1144)
at java.base/java.util.concurrent.ThreadPoolExecutor$Worker.run(ThreadPoolExecutor.java:642)
at java.base/java.lang.Thread.run(Thread.java:1583)
... Removed 20 stack frames]]>
    </failure>
  </testcase> <!-- validEditContactTest -->
  <testcase classname="contactmanagementsystem.com.sudha.tests.EditContactTests" name="validCancelEditTest" time="0.0">
    <skipped/>
  </testcase> <!-- validCancelEditTest -->
  <testcase classname="contactmanagementsystem.com.sudha.tests.AddContactTests" name="validateContactFormResetTest" time="1.872"/>
  <testcase classname="contactmanagementsystem.com.sudha.tests.LoginTest" name="validateHeaderText" time="0.785"/>
  <testcase classname="contactmanagementsystem.com.sudha.tests.EditContactTests" name="valididationCheckEditTest" time="0.0">
    <skipped/>
  </testcase> <!-- valididationCheckEditTest -->
  <testcase classname="contactmanagementsystem.com.sudha.tests.SessionTest" name="verifyLoginStateOnRefresh" time="2.179"/>
  <testcase classname="contactmanagementsystem.com.sudha.tests.SessionTest" name="verifyLogoutRedirectToLogin" time="2.249"/>
  <testcase classname="contactmanagementsystem.com.sudha.tests.LoginTest" name="verifyPasswordFieldMasksInput" time="4.531">
    <failure type="java.lang.ClassCastException" message="class org.openqa.selenium.By$ById cannot be cast to class org.openqa.selenium.WebElement (org.openqa.selenium.By$ById and org.openqa.selenium.WebElement are in unnamed module of loader &amp;apos;app&amp;apos;)">
      <![CDATA[java.lang.ClassCastException: class org.openqa.selenium.By$ById cannot be cast to class org.openqa.selenium.WebElement (org.openqa.selenium.By$ById and org.openqa.selenium.WebElement are in unnamed module of loader 'app')
at contactmanagementsystem.com.sudha.tests.LoginTest.verifyPasswordFieldMasksInput(LoginTest.java:91)
at java.base/java.util.ArrayList.forEach(ArrayList.java:1596)
at java.base/java.util.concurrent.FutureTask.run(FutureTask.java:317)
at java.base/java.util.concurrent.ThreadPoolExecutor.runWorker(ThreadPoolExecutor.java:1144)
at java.base/java.util.concurrent.ThreadPoolExecutor$Worker.run(ThreadPoolExecutor.java:642)
at java.base/java.lang.Thread.run(Thread.java:1583)
... Removed 15 stack frames]]>
    </failure>
  </testcase> <!-- verifyPasswordFieldMasksInput -->
  <testcase classname="contactmanagementsystem.com.sudha.tests.DeleteContactTest" name="validateAlertText" time="1.49">
    <failure type="java.lang.AssertionError" message="expected [true] but found [false]">
      <![CDATA[java.lang.AssertionError: expected [true] but found [false]
at contactmanagementsystem.com.sudha.pages.ContactPage.waitAndValidateTableData(ContactPage.java:91)
at contactmanagementsystem.com.sudha.tests.DeleteContactTest.validateAlertText(DeleteContactTest.java:33)
at java.base/java.util.ArrayList.forEach(ArrayList.java:1596)
at java.base/java.util.concurrent.FutureTask.run(FutureTask.java:317)
at java.base/java.util.concurrent.ThreadPoolExecutor.runWorker(ThreadPoolExecutor.java:1144)
at java.base/java.util.concurrent.ThreadPoolExecutor$Worker.run(ThreadPoolExecutor.java:642)
at java.base/java.lang.Thread.run(Thread.java:1583)
... Removed 19 stack frames]]>
    </failure>
  </testcase> <!-- validateAlertText -->
  <testcase classname="contactmanagementsystem.com.sudha.tests.DeleteContactTest" name="deleteContactAndRefreshTest" time="1.413">
    <failure type="java.lang.AssertionError" message="expected [true] but found [false]">
      <![CDATA[java.lang.AssertionError: expected [true] but found [false]
at contactmanagementsystem.com.sudha.pages.ContactPage.waitAndValidateTableData(ContactPage.java:91)
at contactmanagementsystem.com.sudha.tests.DeleteContactTest.deleteContactAndRefreshTest(DeleteContactTest.java:55)
at java.base/java.util.ArrayList.forEach(ArrayList.java:1596)
at java.base/java.util.concurrent.FutureTask.run(FutureTask.java:317)
at java.base/java.util.concurrent.ThreadPoolExecutor.runWorker(ThreadPoolExecutor.java:1144)
at java.base/java.util.concurrent.ThreadPoolExecutor$Worker.run(ThreadPoolExecutor.java:642)
at java.base/java.lang.Thread.run(Thread.java:1583)
... Removed 19 stack frames]]>
    </failure>
  </testcase> <!-- deleteContactAndRefreshTest -->
  <testcase classname="contactmanagementsystem.com.sudha.tests.ValidationTest" name="verifyFirstNameMaxCharacterLimit" time="2.124"/>
  <testcase classname="contactmanagementsystem.com.sudha.tests.ValidationTest" name="verifyUnicodeAndEmojiInAddress" time="3.126">
    <failure type="java.lang.AssertionError" message="Address not containing full Unicode value expected [true] but found [false]">
      <![CDATA[java.lang.AssertionError: Address not containing full Unicode value expected [true] but found [false]
at contactmanagementsystem.com.sudha.tests.ValidationTest.verifyUnicodeAndEmojiInAddress(ValidationTest.java:61)
at java.base/java.util.ArrayList.forEach(ArrayList.java:1596)
at java.base/java.util.concurrent.FutureTask.run(FutureTask.java:317)
at java.base/java.util.concurrent.ThreadPoolExecutor.runWorker(ThreadPoolExecutor.java:1144)
at java.base/java.util.concurrent.ThreadPoolExecutor$Worker.run(ThreadPoolExecutor.java:642)
at java.base/java.lang.Thread.run(Thread.java:1583)
... Removed 18 stack frames]]>
    </failure>
  </testcase> <!-- verifyUnicodeAndEmojiInAddress -->
  <testcase classname="contactmanagementsystem.com.sudha.tests.SignUpTest" name="inValidSignUp" time="1.205"/>
  <testcase classname="contactmanagementsystem.com.sudha.tests.SignUpTest" name="blankSignUp" time="1.144"/>
  <testcase classname="contactmanagementsystem.com.sudha.tests.SignUpTest" name="invalidSignUpPasswordDoNotMatch" time="2.002"/>
  <testcase classname="contactmanagementsystem.com.sudha.tests.SignUpTest" name="invalidSignUpWrongEmailId" time="1.189"/>
  <testcase classname="contactmanagementsystem.com.sudha.tests.APITest" name="testDeleteUserAPI" time="0.0">
    <skipped/>
  </testcase> <!-- testDeleteUserAPI -->
  <testcase classname="contactmanagementsystem.com.sudha.base.BaseTest" name="@BeforeSuite cleanReports" time="0.0">
    <ignored/>
  </testcase> <!-- @BeforeSuite cleanReports -->
  <testcase classname="contactmanagementsystem.com.sudha.base.BaseTest" name="@BeforeSuite cleanReports" time="0.0">
    <ignored/>
  </testcase> <!-- @BeforeSuite cleanReports -->
  <testcase classname="contactmanagementsystem.com.sudha.base.BaseTest" name="@BeforeSuite cleanReports" time="0.0">
    <ignored/>
  </testcase> <!-- @BeforeSuite cleanReports -->
  <testcase classname="contactmanagementsystem.com.sudha.base.BaseTest" name="@BeforeSuite cleanReports" time="0.0">
    <ignored/>
  </testcase> <!-- @BeforeSuite cleanReports -->
  <testcase classname="contactmanagementsystem.com.sudha.base.BaseTest" name="@BeforeSuite cleanReports" time="0.0">
    <ignored/>
  </testcase> <!-- @BeforeSuite cleanReports -->
  <testcase classname="contactmanagementsystem.com.sudha.base.BaseTest" name="@BeforeSuite cleanReports" time="0.0">
    <ignored/>
  </testcase> <!-- @BeforeSuite cleanReports -->
  <testcase classname="contactmanagementsystem.com.sudha.base.BaseTest" name="@BeforeSuite cleanReports" time="0.0">
    <ignored/>
  </testcase> <!-- @BeforeSuite cleanReports -->
</testsuite> <!-- Firefox Tests -->
