<?xml version="1.0" encoding="UTF-8"?>
<testng-results ignored="0" total="3" passed="2" failed="1" skipped="0">
  <reporter-output>
  </reporter-output>
  <suite started-at="2025-06-17T11:09:54 BST" name="Surefire suite" finished-at="2025-06-17T11:10:03 BST" duration-ms="9107">
    <groups>
    </groups>
    <test started-at="2025-06-17T11:09:54 BST" name="Surefire test" finished-at="2025-06-17T11:10:03 BST" duration-ms="9107">
      <class name="contactmanagementsystem.com.sudha.tests.LoginTest">
        <test-method is-config="true" signature="setUp(java.lang.String)[pri:0, instance:contactmanagementsystem.com.sudha.tests.LoginTest@4a8355dd]" started-at="2025-06-17T11:09:54 BST" name="setUp" finished-at="2025-06-17T11:09:57 BST" duration-ms="3097" status="PASS">
          <params>
            <param index="0">
              <value>
                <![CDATA[chrome]]>
              </value>
            </param>
          </params>
          <reporter-output>
          </reporter-output>
        </test-method> <!-- setUp -->
        <test-method signature="openSignupPage()[pri:0, instance:contactmanagementsystem.com.sudha.tests.LoginTest@4a8355dd]" started-at="2025-06-17T11:09:57 BST" name="openSignupPage" description="Open SignUp Page" finished-at="2025-06-17T11:09:59 BST" duration-ms="1757" status="PASS">
          <reporter-output>
          </reporter-output>
        </test-method> <!-- openSignupPage -->
        <test-method is-config="true" signature="tearDown()[pri:0, instance:contactmanagementsystem.com.sudha.tests.LoginTest@4a8355dd]" started-at="2025-06-17T11:09:59 BST" name="tearDown" finished-at="2025-06-17T11:09:59 BST" duration-ms="175" status="PASS">
          <reporter-output>
          </reporter-output>
        </test-method> <!-- tearDown -->
        <test-method is-config="true" signature="setUp(java.lang.String)[pri:0, instance:contactmanagementsystem.com.sudha.tests.LoginTest@4a8355dd]" started-at="2025-06-17T11:09:59 BST" name="setUp" finished-at="2025-06-17T11:10:00 BST" duration-ms="675" status="PASS">
          <params>
            <param index="0">
              <value>
                <![CDATA[chrome]]>
              </value>
            </param>
          </params>
          <reporter-output>
          </reporter-output>
        </test-method> <!-- setUp -->
        <test-method signature="validateHeaderText()[pri:0, instance:contactmanagementsystem.com.sudha.tests.LoginTest@4a8355dd]" started-at="2025-06-17T11:10:00 BST" name="validateHeaderText" description="Validate Header Text" finished-at="2025-06-17T11:10:01 BST" duration-ms="1033" status="PASS">
          <reporter-output>
          </reporter-output>
        </test-method> <!-- validateHeaderText -->
        <test-method is-config="true" signature="tearDown()[pri:0, instance:contactmanagementsystem.com.sudha.tests.LoginTest@4a8355dd]" started-at="2025-06-17T11:10:01 BST" name="tearDown" finished-at="2025-06-17T11:10:01 BST" duration-ms="140" status="PASS">
          <reporter-output>
          </reporter-output>
        </test-method> <!-- tearDown -->
      </class> <!-- contactmanagementsystem.com.sudha.tests.LoginTest -->
      <class name="contactmanagementsystem.com.sudha.base.BaseTest">
        <test-method is-config="true" signature="cleanReports()[pri:0, instance:contactmanagementsystem.com.sudha.base.BaseTest@6f10d5b6]" started-at="2025-06-17T11:09:54 BST" name="cleanReports" finished-at="2025-06-17T11:09:54 BST" duration-ms="16" status="PASS">
          <reporter-output>
          </reporter-output>
        </test-method> <!-- cleanReports -->
      </class> <!-- contactmanagementsystem.com.sudha.base.BaseTest -->
      <class name="contactmanagementsystem.com.sudha.tests.SignUpTest">
        <test-method is-config="true" signature="setUp(java.lang.String)[pri:0, instance:contactmanagementsystem.com.sudha.tests.SignUpTest@4d0d9fe7]" started-at="2025-06-17T11:10:01 BST" name="setUp" finished-at="2025-06-17T11:10:02 BST" duration-ms="730" status="PASS">
          <params>
            <param index="0">
              <value>
                <![CDATA[chrome]]>
              </value>
            </param>
          </params>
          <reporter-output>
          </reporter-output>
        </test-method> <!-- setUp -->
        <test-method signature="validSignUp()[pri:0, instance:contactmanagementsystem.com.sudha.tests.SignUpTest@4d0d9fe7]" started-at="2025-06-17T11:10:02 BST" name="validSignUp" description="valid signUp" finished-at="2025-06-17T11:10:03 BST" duration-ms="1280" status="FAIL">
          <exception class="java.lang.AssertionError">
            <message>
              <![CDATA[expected [Contact List] but found [Add User]]]>
            </message>
            <full-stacktrace>
              <![CDATA[java.lang.AssertionError: expected [Contact List] but found [Add User]
at org.testng.Assert.fail(Assert.java:111)
at org.testng.Assert.failNotEquals(Assert.java:1578)
at org.testng.Assert.assertEqualsImpl(Assert.java:150)
at org.testng.Assert.assertEquals(Assert.java:132)
at org.testng.Assert.assertEquals(Assert.java:656)
at org.testng.Assert.assertEquals(Assert.java:666)
at contactmanagementsystem.com.sudha.tests.SignUpTest.validSignUp(SignUpTest.java:26)
at java.base/jdk.internal.reflect.DirectMethodHandleAccessor.invoke(DirectMethodHandleAccessor.java:103)
at java.base/java.lang.reflect.Method.invoke(Method.java:580)
at org.testng.internal.invokers.MethodInvocationHelper.invokeMethod(MethodInvocationHelper.java:139)
at org.testng.internal.invokers.TestInvoker.invokeMethod(TestInvoker.java:664)
at org.testng.internal.invokers.TestInvoker.invokeTestMethod(TestInvoker.java:228)
at org.testng.internal.invokers.MethodRunner.runInSequence(MethodRunner.java:63)
at org.testng.internal.invokers.TestInvoker$MethodInvocationAgent.invoke(TestInvoker.java:961)
at org.testng.internal.invokers.TestInvoker.invokeTestMethods(TestInvoker.java:201)
at org.testng.internal.invokers.TestMethodWorker.invokeTestMethods(TestMethodWorker.java:148)
at org.testng.internal.invokers.TestMethodWorker.run(TestMethodWorker.java:128)
at java.base/java.util.ArrayList.forEach(ArrayList.java:1596)
at org.testng.TestRunner.privateRun(TestRunner.java:819)
at org.testng.TestRunner.run(TestRunner.java:619)
at org.testng.SuiteRunner.runTest(SuiteRunner.java:443)
at org.testng.SuiteRunner.runSequentially(SuiteRunner.java:437)
at org.testng.SuiteRunner.privateRun(SuiteRunner.java:397)
at org.testng.SuiteRunner.run(SuiteRunner.java:336)
at org.testng.SuiteRunnerWorker.runSuite(SuiteRunnerWorker.java:52)
at org.testng.SuiteRunnerWorker.run(SuiteRunnerWorker.java:95)
at org.testng.TestNG.runSuitesSequentially(TestNG.java:1301)
at org.testng.TestNG.runSuitesLocally(TestNG.java:1228)
at org.testng.TestNG.runSuites(TestNG.java:1134)
at org.testng.TestNG.run(TestNG.java:1101)
at org.apache.maven.surefire.testng.TestNGExecutor.run(TestNGExecutor.java:155)
at org.apache.maven.surefire.testng.TestNGDirectoryTestSuite.executeMulti(TestNGDirectoryTestSuite.java:169)
at org.apache.maven.surefire.testng.TestNGDirectoryTestSuite.execute(TestNGDirectoryTestSuite.java:88)
at org.apache.maven.surefire.testng.TestNGProvider.invoke(TestNGProvider.java:137)
at org.apache.maven.surefire.booter.ForkedBooter.runSuitesInProcess(ForkedBooter.java:385)
at org.apache.maven.surefire.booter.ForkedBooter.execute(ForkedBooter.java:162)
at org.apache.maven.surefire.booter.ForkedBooter.run(ForkedBooter.java:507)
at org.apache.maven.surefire.booter.ForkedBooter.main(ForkedBooter.java:495)
]]>
            </full-stacktrace>
          </exception> <!-- java.lang.AssertionError -->
          <reporter-output>
          </reporter-output>
        </test-method> <!-- validSignUp -->
        <test-method is-config="true" signature="tearDown()[pri:0, instance:contactmanagementsystem.com.sudha.tests.SignUpTest@4d0d9fe7]" started-at="2025-06-17T11:10:03 BST" name="tearDown" finished-at="2025-06-17T11:10:03 BST" duration-ms="194" status="PASS">
          <reporter-output>
          </reporter-output>
        </test-method> <!-- tearDown -->
      </class> <!-- contactmanagementsystem.com.sudha.tests.SignUpTest -->
    </test> <!-- Surefire test -->
  </suite> <!-- Surefire suite -->
</testng-results>
