<?xml version="1.0" encoding="UTF-8"?>
<!-- Generated by org.testng.reporters.JUnitReportReporter -->
<testsuite hostname="Suresh_D" failures="0" tests="7" name="contactmanagementsystem.com.sudha.tests.LoginTest" time="40.834" errors="1" timestamp="2025-07-01T02:06:06 BST" skipped="0">
  <testcase classname="contactmanagementsystem.com.sudha.tests.LoginTest" name="invalidLoginTest" time="5.008"/>
  <testcase classname="contactmanagementsystem.com.sudha.tests.LoginTest" name="emptyLoginTest" time="5.448"/>
  <testcase classname="contactmanagementsystem.com.sudha.tests.LoginTest" name="invalidEmailLoginTest" time="4.506"/>
  <testcase classname="contactmanagementsystem.com.sudha.tests.LoginTest" name="verifyPasswordFieldMasksInput" time="9.422">
    <error message="class org.openqa.selenium.By$ById cannot be cast to class org.openqa.selenium.WebElement (org.openqa.selenium.By$ById and org.openqa.selenium.WebElement are in unnamed module of loader &#039;app&#039;)" type="java.lang.ClassCastException">
      <![CDATA[java.lang.ClassCastException: class org.openqa.selenium.By$ById cannot be cast to class org.openqa.selenium.WebElement (org.openqa.selenium.By$ById and org.openqa.selenium.WebElement are in unnamed module of loader 'app')
at contactmanagementsystem.com.sudha.tests.LoginTest.verifyPasswordFieldMasksInput(LoginTest.java:91)
at java.base/jdk.internal.reflect.DirectMethodHandleAccessor.invoke(DirectMethodHandleAccessor.java:103)
at java.base/java.lang.reflect.Method.invoke(Method.java:580)
at org.testng.internal.invokers.MethodInvocationHelper.invokeMethod(MethodInvocationHelper.java:139)
at org.testng.internal.invokers.TestInvoker.invokeMethod(TestInvoker.java:664)
at org.testng.internal.invokers.TestInvoker.invokeTestMethod(TestInvoker.java:228)
at org.testng.internal.invokers.MethodRunner.runInSequence(MethodRunner.java:63)
at org.testng.internal.invokers.TestInvoker$MethodInvocationAgent.invoke(TestInvoker.java:961)
at org.testng.internal.invokers.TestInvoker.invokeTestMethods(TestInvoker.java:201)
at org.testng.internal.invokers.TestMethodWorker.invokeTestMethods(TestMethodWorker.java:148)
at org.testng.internal.invokers.TestMethodWorker.run(TestMethodWorker.java:128)
at java.base/java.util.ArrayList.forEach(ArrayList.java:1596)
at org.testng.TestRunner.privateRun(TestRunner.java:819)
at org.testng.TestRunner.run(TestRunner.java:619)
at org.testng.SuiteRunner.runTest(SuiteRunner.java:443)
at org.testng.SuiteRunner$SuiteWorker.run(SuiteRunner.java:481)
at org.testng.internal.thread.ThreadUtil.lambda$execute$0(ThreadUtil.java:58)
at java.base/java.util.concurrent.FutureTask.run(FutureTask.java:317)
at java.base/java.util.concurrent.ThreadPoolExecutor.runWorker(ThreadPoolExecutor.java:1144)
at java.base/java.util.concurrent.ThreadPoolExecutor$Worker.run(ThreadPoolExecutor.java:642)
at java.base/java.lang.Thread.run(Thread.java:1583)
]]>
    </error>
  </testcase> <!-- verifyPasswordFieldMasksInput -->
  <testcase classname="contactmanagementsystem.com.sudha.tests.LoginTest" name="validLoginTest" time="6.712"/>
  <testcase classname="contactmanagementsystem.com.sudha.tests.LoginTest" name="validateHeaderText" time="4.339"/>
  <testcase classname="contactmanagementsystem.com.sudha.tests.LoginTest" name="openSignupPage" time="5.399"/>
</testsuite> <!-- contactmanagementsystem.com.sudha.tests.LoginTest -->
